<?xml version="1.0" encoding="UTF-8"?>
<!-- Generated by org.testng.reporters.JUnitReportReporter -->
<testsuite skipped="0" hostname="saikrishna" name="session6.Buttons" tests="1" failures="0" timestamp="2020-09-24T19:16:09 IST" time="34.578" errors="0">
  <testcase name="button" time="34.578" classname="session6.Buttons"/>
  <system-out/>
</testsuite> <!-- session6.Buttons -->
