<?xml version="1.0" encoding="UTF-8"?>
<!-- Generated by org.testng.reporters.JUnitReportReporter -->
<testsuite skipped="0" hostname="saikrishna" name="sel_practice.Alerts_Popup" tests="1" failures="0" timestamp="2020-12-16T14:14:36 IST" time="6.795" errors="0">
  <testcase name="test" time="6.795" classname="sel_practice.Alerts_Popup"/>
  <system-out/>
</testsuite> <!-- sel_practice.Alerts_Popup -->
