<?xml version="1.0" encoding="UTF-8"?>
<!-- Generated by org.testng.reporters.JUnitReportReporter -->
<testsuite skipped="0" hostname="saikrishna" name="session4.Multiplewindow" tests="1" failures="0" timestamp="2020-09-22T15:05:03 IST" time="48.224" errors="0">
  <testcase name="multiplewindowsTest" time="48.224" classname="session4.Multiplewindow"/>
  <system-out/>
</testsuite> <!-- session4.Multiplewindow -->
