<?xml version="1.0" encoding="UTF-8"?>
<!-- Generated by org.testng.reporters.JUnitReportReporter -->
<testsuite skipped="0" hostname="saikrishna" name="session5.FramesHW1" tests="1" failures="0" timestamp="2020-09-22T19:49:11 IST" time="15.766" errors="0">
  <testcase name="frames" time="15.766" classname="session5.FramesHW1"/>
  <system-out/>
</testsuite> <!-- session5.FramesHW1 -->
