<?xml version="1.0" encoding="UTF-8"?>
<!-- Generated by org.testng.reporters.JUnitReportReporter -->
<testsuite skipped="0" hostname="saikrishna" name="session5.Framehandling" tests="1" failures="0" timestamp="2020-09-22T19:27:28 IST" time="17.640" errors="0">
  <testcase name="frames" time="17.640" classname="session5.Framehandling"/>
  <system-out/>
</testsuite> <!-- session5.Framehandling -->
