<?xml version="1.0" encoding="UTF-8"?>
<!-- Generated by org.testng.reporters.JUnitReportReporter -->
<testsuite skipped="0" hostname="saikrishna" name="session6.TimendDate" tests="1" failures="0" timestamp="2020-09-28T18:27:22 IST" time="28.867" errors="0">
  <testcase name="timedate" time="28.867" classname="session6.TimendDate"/>
  <system-out/>
</testsuite> <!-- session6.TimendDate -->
