<?xml version="1.0" encoding="UTF-8"?>
<!-- Generated by org.testng.reporters.JUnitReportReporter -->
<testsuite skipped="0" hostname="saikrishna" name="session5.AlertHandlingHW" tests="1" failures="0" timestamp="2020-09-23T14:08:02 IST" time="37.223" errors="0">
  <testcase name="alerts" time="37.223" classname="session5.AlertHandlingHW"/>
  <system-out/>
</testsuite> <!-- session5.AlertHandlingHW -->
