<?xml version="1.0" encoding="UTF-8"?>
<!-- Generated by org.testng.reporters.JUnitReportReporter -->
<testsuite skipped="0" hostname="saikrishna" name="session4.Annotations" tests="2" failures="0" timestamp="2020-09-21T19:14:12 IST" time="0.021" errors="0">
  <testcase name="register" time="0.015" classname="session4.Annotations"/>
  <system-out/>
  <testcase name="login" time="0.006" classname="session4.Annotations"/>
  <system-out/>
</testsuite> <!-- session4.Annotations -->
