<?xml version="1.0" encoding="UTF-8"?>
<!-- Generated by org.testng.reporters.JUnitReportReporter -->
<testsuite skipped="0" hostname="saikrishna" name="sel_practice.Dynamicdropdown" tests="1" failures="0" timestamp="2020-12-21T11:01:53 IST" time="24.172" errors="0">
  <testcase name="test" time="24.172" classname="sel_practice.Dynamicdropdown"/>
  <system-out/>
</testsuite> <!-- sel_practice.Dynamicdropdown -->
