<?xml version="1.0" encoding="UTF-8"?>
<!-- Generated by org.testng.reporters.JUnitReportReporter -->
<testsuite skipped="0" hostname="saikrishna" name="session6.Checkboxes" tests="1" failures="0" timestamp="2020-09-24T19:47:41 IST" time="15.261" errors="0">
  <testcase name="checkboxes" time="15.261" classname="session6.Checkboxes"/>
  <system-out/>
</testsuite> <!-- session6.Checkboxes -->
