<?xml version="1.0" encoding="UTF-8"?>
<!-- Generated by org.testng.reporters.JUnitReportReporter -->
<testsuite hostname="saikrishna" failures="0" tests="1" name="session7.TimendDateDynamic" time="33.195" errors="0" timestamp="2020-10-27T13:09:36 IST" skipped="0">
  <testcase classname="session7.TimendDateDynamic" name="timedate" time="33.195"/>
  <system-out/>
</testsuite> <!-- session7.TimendDateDynamic -->
