<?xml version="1.0" encoding="UTF-8"?>
<!-- Generated by org.testng.reporters.JUnitReportReporter -->
<testsuite skipped="0" hostname="saikrishna" name="session5.ExplicitWaits" tests="1" failures="0" timestamp="2020-09-24T18:27:48 IST" time="46.928" errors="0">
  <testcase name="waits" time="46.928" classname="session5.ExplicitWaits"/>
  <system-out/>
</testsuite> <!-- session5.ExplicitWaits -->
