<?xml version="1.0" encoding="UTF-8"?>
<!-- Generated by org.testng.reporters.JUnitReportReporter -->
<testsuite skipped="0" hostname="saikrishna" name="sel_practice.JavaAlert" tests="1" failures="0" timestamp="2020-12-21T12:10:12 IST" time="12.524" errors="0">
  <testcase name="test" time="12.524" classname="sel_practice.JavaAlert"/>
  <system-out/>
</testsuite> <!-- sel_practice.JavaAlert -->
