<?xml version="1.0" encoding="UTF-8"?>
<!-- Generated by org.testng.reporters.JUnitReportReporter -->
<testsuite skipped="0" hostname="saikrishna" name="sel_practice.Screenshots" tests="1" failures="0" timestamp="2020-12-23T12:14:03 IST" time="9.877" errors="0">
  <testcase name="scrnshot" time="9.877" classname="sel_practice.Screenshots"/>
  <system-out/>
</testsuite> <!-- sel_practice.Screenshots -->
