<?xml version="1.0" encoding="UTF-8"?>
<!-- Generated by org.testng.reporters.JUnitReportReporter -->
<testsuite skipped="0" hostname="saikrishna" name="session5.AlertHandling" tests="1" failures="0" timestamp="2020-09-23T13:32:26 IST" time="35.955" errors="0">
  <testcase name="alerts" time="35.955" classname="session5.AlertHandling"/>
  <system-out/>
</testsuite> <!-- session5.AlertHandling -->
