<?xml version="1.0" encoding="UTF-8"?>
<!-- Generated by org.testng.reporters.JUnitReportReporter -->
<testsuite skipped="0" hostname="saikrishna" name="sel_practice.StaticDropdowns" tests="1" failures="0" timestamp="2020-12-17T14:45:38 IST" time="25.333" errors="0">
  <testcase name="test" time="25.333" classname="sel_practice.StaticDropdowns"/>
  <system-out/>
</testsuite> <!-- sel_practice.StaticDropdowns -->
