<?xml version="1.0" encoding="UTF-8"?>
<!-- Generated by org.testng.reporters.JUnitReportReporter -->
<testsuite skipped="0" hostname="saikrishna" name="session4.MouseHover" tests="1" failures="0" timestamp="2020-09-22T10:49:28 IST" time="12.032" errors="0">
  <testcase name="mousehover" time="12.032" classname="session4.MouseHover"/>
  <system-out/>
</testsuite> <!-- session4.MouseHover -->
