<?xml version="1.0" encoding="UTF-8"?>
<!-- Generated by org.testng.reporters.JUnitReportReporter -->
<testsuite skipped="0" hostname="saikrishna" name="sel_practice.Dropdown" tests="1" failures="0" timestamp="2020-12-16T14:01:17 IST" time="14.477" errors="0">
  <testcase name="test" time="14.477" classname="sel_practice.Dropdown"/>
  <system-out/>
</testsuite> <!-- sel_practice.Dropdown -->
